
 CHEMKIN INTERPRETER OUTPUT: CHEMKIN-II Version 3.6 Apr. 1994
                              DOUBLE PRECISION

                          --------------------
                          ELEMENTS     ATOMIC
                          CONSIDERED   WEIGHT
                          --------------------
                           1. H       1.00797    
                           2. O       15.9994    
                          --------------------
 >>H                          2           1 
 H                 120186H   1               G   300.000  5000.000 1000.00      
 1H           25
 >>H                          2           1 
 H2                121286H   2               G   300.000  5000.000 1000.00      
 1H           25
 >>H                          2           1 
 H2O                20387H   2O   1          G   300.000  5000.000 1000.00      
 1H           25
 >>O                          2           2 
 H2O                20387H   2O   1          G   300.000  5000.000 1000.00      
 1O           30
 >>H                          2           1 
 H2O2              120186H   2O   2          G   300.000  5000.000 1000.00      
 1H           25
 >>O                          2           2 
 H2O2              120186H   2O   2          G   300.000  5000.000 1000.00      
 1O           30
 >>H                          2           1 
 HO2                20387H   1O   2          G   300.000  5000.000 1000.00      
 1H           25
 >>O                          2           2 
 HO2                20387H   1O   2          G   300.000  5000.000 1000.00      
 1O           30
 >>O                          2           2 
 O                 120186O   1               G   300.000  5000.000 1000.00      
 1O           25
 >>O                          2           2 
 O2                121386O   2               G   300.000  5000.000 1000.00      
 1O           25
 >>O                          2           2 
 OH                121286O   1H   1          G   300.000  5000.000 1000.00      
 1O           25
 >>H                          2           1 
 OH                121286O   1H   1          G   300.000  5000.000 1000.00      
 1H           30
 -------------------------------------------------------------------------------
                         C
                       P H
                       H A
                       A R
 SPECIES               S G MOLECULAR TEMPERATURE   ELEMENT COUNT
 CONSIDERED            E E WEIGHT    LOW    HIGH   H  O  
 -------------------------------------------------------------------------------
   1. O2               G 0  31.99880  300.0 5000.0  0  2
   2. H2O              G 0  18.01534  300.0 5000.0  2  1
   3. H                G 0   1.00797  300.0 5000.0  1  0
   4. O                G 0  15.99940  300.0 5000.0  0  1
   5. OH               G 0  17.00737  300.0 5000.0  1  1
   6. H2               G 0   2.01594  300.0 5000.0  2  0
   7. HO2              G 0  33.00677  300.0 5000.0  1  2
   8. H2O2             G 0  34.01474  300.0 5000.0  2  2
 -------------------------------------------------------------------------------



                                                      (k = A T**b exp(-E/RT))
      REACTIONS CONSIDERED                              A        b        E

   1. H+O2=>O+OH                                    1.86E+14    0.0    16790.0
   2. O+OH=>H+O2                                    1.48E+13    0.0      680.0
   3. H2+O=>H+OH                                    1.82E+10    1.0     8900.0
   4. H+OH=>H2+O                                    8.32E+09    1.0     6950.0
   5. H2O+O=>OH+OH                                  3.39E+13    0.0    18350.0
   6. OH+OH=>H2O+O                                  3.16E+12    0.0     1100.0
   7. H2O+H=>H2+OH                                  9.55E+13    0.0    20300.0
   8. H2+OH=>H2O+H                                  2.19E+13    0.0     5150.0
   9. H2O2+OH=>H2O+HO2                              1.00E+13    0.0     1800.0
  10. H2O+HO2=>H2O2+OH                              2.82E+13    0.0    32790.0
  11. HO2+O=>OH+O2                                  5.01E+13    0.0     1000.0
  12. OH+O2=>HO2+O                                  6.46E+13    0.0    56160.0
  13. HO2+H=>OH+OH                                  2.51E+14    0.0     1900.0
  14. OH+OH=>HO2+H                                  1.20E+13    0.0    40100.0
  15. HO2+H=>H2+O2                                  2.51E+13    0.0      700.0
  16. H2+O2=>HO2+H                                  5.50E+13    0.0    57800.0
  17. HO2+OH=>H2O+O2                                5.01E+13    0.0     1000.0
  18. H2O+O2=>HO2+OH                                6.31E+14    0.0    73860.0
  19. H2O2+O2=>HO2+HO2                              3.98E+13    0.0    42640.0
  20. HO2+HO2=>H2O2+O2                              1.00E+13    0.0     1000.0
  21. H2O2+H=>HO2+H2                                1.70E+12    0.0     3750.0
  22. HO2+H2=>H2O2+H                                7.24E+11    0.0    18700.0
  23. H2O+M=>H+OH+M                                 2.19E+16    0.0   105000.0
         O2               Enhanced by    4.000E-01
         H2O              Enhanced by    6.500E+00
  24. H+OH+M=>H2O+M                                 1.41E+23   -2.0        0.0
         O2               Enhanced by    4.000E-01
         H2O              Enhanced by    6.500E+00
  25. H+O2+M=>HO2+M                                 1.66E+15    0.0    -1000.0
         O2               Enhanced by    4.000E-01
         H2O              Enhanced by    6.500E+00
  26. HO2+M=>H+O2+M                                 2.29E+15    0.0    45900.0
         O2               Enhanced by    4.000E-01
         H2O              Enhanced by    6.500E+00
  27. H2O2+M=>OH+OH+M                               1.20E+17    0.0    45500.0
         O2               Enhanced by    4.000E-01
         H2O              Enhanced by    6.500E+00
  28. OH+OH+M=>H2O2+M                               9.12E+14    0.0    -5070.0
         O2               Enhanced by    4.000E-01
         H2O              Enhanced by    6.500E+00
  29. O+H+M=>OH+M                                   1.00E+16    0.0        0.0
         O2               Enhanced by    4.000E-01
         H2O              Enhanced by    6.500E+00
  30. OH+M=>O+H+M                                   7.94E+19   -1.0   103720.0
         O2               Enhanced by    4.000E-01
         H2O              Enhanced by    6.500E+00
  31. O2+M=>O+O+M                                   5.13E+15    0.0   115000.0
         O2               Enhanced by    4.000E-01
         H2O              Enhanced by    6.500E+00
  32. O+O+M=>O2+M                                   4.68E+15   -0.3        0.0
         O2               Enhanced by    4.000E-01
         H2O              Enhanced by    6.500E+00
  33. H2+M=>H+H+M                                   2.19E+14    0.0    96000.0
         O2               Enhanced by    4.000E-01
         H2O              Enhanced by    6.500E+00
  34. H+H+M=>H2+M                                   3.02E+15    0.0        0.0
         O2               Enhanced by    4.000E-01
         H2O              Enhanced by    6.500E+00

  NOTE:  A units mole-cm-sec-K, E units cal/mole



 NO ERRORS FOUND ON INPUT...CHEMKIN LINKING FILE WRITTEN.

 WORKING SPACE REQUIREMENTS ARE
    INTEGER:      661
    REAL:         641
    CHARACTER:     10
