 PRESSURE(ATM) =    2.000D+00
 TEMPERATURE(K) =     1.00D+03
 C3H8       X =   0.7143E-01
 I*C3H7     X =   0.7143E-01
 N*C3H7     X =   0.7143E-01
 C3H6       X =   0.7143E-01
 C2H6       X =   0.7143E-01
 C2H5       X =   0.7143E-01
 C2H4       X =   0.7143E-01
 C2H3       X =   0.7143E-01
 CH2HCO     X =   0.7143E-01
 CH2CO      X =   0.7143E-01
 CH4        X =   0.7143E-01
 CH3O       X =   0.7143E-01
 CH3        X =   0.7143E-01
 CH         X =   0.7143E-01


    MEAN MOLECULAR WEIGHT =   3.1915D+01 g/mol   =   3.1915D-02 kg/mol
    MEAN DENSITY =            7.7790D-04 g/cm**3 =   7.7790D-01 kg/m**3

    MEAN c_p =   3.2810D+07 erg/g*K =   3.2810D+03 J/kg*K
    MEAN c_v =   3.0204D+07 erg/g*K =   3.0204D+03 J/kg*K

    MEAN HELMHOLTZ FREE ENERGY =  -6.7090D+10 erg/g =  -6.7090D+06 J/kg
    MEAN GIBBS FREE ENERGY =      -6.4485D+10 erg/g =  -6.4485D+06 J/kg
    MEAN ENTHALPY =               -1.1472D+93 erg/g =  -1.1472D+89 J/kg

    MEAN STANDARD STATE ENTROPY =   1.0736D+08 erg/g*K =   1.0736D+04 J/kg*K
    MEAN INTERNAL ENERGY =          4.0270D+10 erg/g*K =   4.0270D+06 J/kg*K



    CONDUCTIVITY FOR C3H8      =      1.195D+04 erg/cm*K*s
    CONDUCTIVITY FOR I*C3H7    =      1.116D+04 erg/cm*K*s
    CONDUCTIVITY FOR N*C3H7    =      1.112D+04 erg/cm*K*s
    CONDUCTIVITY FOR C3H6      =      1.014D+04 erg/cm*K*s
    CONDUCTIVITY FOR C2H6      =      1.386D+04 erg/cm*K*s
    CONDUCTIVITY FOR C2H5      =      1.216D+04 erg/cm*K*s
    CONDUCTIVITY FOR C2H4      =      1.271D+04 erg/cm*K*s
    CONDUCTIVITY FOR C2H3      =      1.070D+04 erg/cm*K*s
    CONDUCTIVITY FOR CH2HCO    =      9.414D+03 erg/cm*K*s
    CONDUCTIVITY FOR CH2CO     =      8.324D+03 erg/cm*K*s
    CONDUCTIVITY FOR CH4       =      1.684D+04 erg/cm*K*s
    CONDUCTIVITY FOR CH3O      =      1.017D+04 erg/cm*K*s
    CONDUCTIVITY FOR CH3       =      1.345D+04 erg/cm*K*s
    CONDUCTIVITY FOR CH        =      1.692D+04 erg/cm*K*s

    CONDUCTIVITY SI FOR C3H8      =      1.195D-01 J/m*K*s
    CONDUCTIVITY SI FOR I*C3H7    =      1.116D-01 J/m*K*s
    CONDUCTIVITY SI FOR N*C3H7    =      1.112D-01 J/m*K*s
    CONDUCTIVITY SI FOR C3H6      =      1.014D-01 J/m*K*s
    CONDUCTIVITY SI FOR C2H6      =      1.386D-01 J/m*K*s
    CONDUCTIVITY SI FOR C2H5      =      1.216D-01 J/m*K*s
    CONDUCTIVITY SI FOR C2H4      =      1.271D-01 J/m*K*s
    CONDUCTIVITY SI FOR C2H3      =      1.070D-01 J/m*K*s
    CONDUCTIVITY SI FOR CH2HCO    =      9.414D-02 J/m*K*s
    CONDUCTIVITY SI FOR CH2CO     =      8.324D-02 J/m*K*s
    CONDUCTIVITY SI FOR CH4       =      1.684D-01 J/m*K*s
    CONDUCTIVITY SI FOR CH3O      =      1.017D-01 J/m*K*s
    CONDUCTIVITY SI FOR CH3       =      1.345D-01 J/m*K*s
    CONDUCTIVITY SI FOR CH        =      1.692D-01 J/m*K*s


    VISCOSITY FOR C3H8      =      2.294D-04 gm/cm*s
    VISCOSITY FOR I*C3H7    =      2.268D-04 gm/cm*s
    VISCOSITY FOR N*C3H7    =      2.268D-04 gm/cm*s
    VISCOSITY FOR C3H6      =      2.241D-04 gm/cm*s
    VISCOSITY FOR C2H6      =      2.573D-04 gm/cm*s
    VISCOSITY FOR C2H5      =      2.529D-04 gm/cm*s
    VISCOSITY FOR C2H4      =      2.846D-04 gm/cm*s
    VISCOSITY FOR C2H3      =      2.794D-04 gm/cm*s
    VISCOSITY FOR CH2HCO    =      3.120D-04 gm/cm*s
    VISCOSITY FOR CH2CO     =      3.083D-04 gm/cm*s
    VISCOSITY FOR CH4       =      2.767D-04 gm/cm*s
    VISCOSITY FOR CH3O      =      3.035D-04 gm/cm*s
    VISCOSITY FOR CH3       =      2.595D-04 gm/cm*s
    VISCOSITY FOR CH        =      5.056D-04 gm/cm*s

    VISCOSITY SI FOR C3H8      =      2.294D-05 N/m*s
    VISCOSITY SI FOR I*C3H7    =      2.268D-05 N/m*s
    VISCOSITY SI FOR N*C3H7    =      2.268D-05 N/m*s
    VISCOSITY SI FOR C3H6      =      2.241D-05 N/m*s
    VISCOSITY SI FOR C2H6      =      2.573D-05 N/m*s
    VISCOSITY SI FOR C2H5      =      2.529D-05 N/m*s
    VISCOSITY SI FOR C2H4      =      2.846D-05 N/m*s
    VISCOSITY SI FOR C2H3      =      2.794D-05 N/m*s
    VISCOSITY SI FOR CH2HCO    =      3.120D-05 N/m*s
    VISCOSITY SI FOR CH2CO     =      3.083D-05 N/m*s
    VISCOSITY SI FOR CH4       =      2.767D-05 N/m*s
    VISCOSITY SI FOR CH3O      =      3.035D-05 N/m*s
    VISCOSITY SI FOR CH3       =      2.595D-05 N/m*s
    VISCOSITY SI FOR CH        =      5.056D-05 N/m*s



 BINARY DIFFUSION COEFFICIENTS (cm**2/s): 

                C3H8       I*C3H7     N*C3H7     C3H6       C2H6      
 C3H8        2.820D-01  2.837D-01  2.837D-01  2.854D-01  3.636D-01
 I*C3H7      2.837D-01  2.853D-01  2.853D-01  2.870D-01  3.653D-01
 N*C3H7      2.837D-01  2.853D-01  2.853D-01  2.870D-01  3.653D-01
 C3H6        2.854D-01  2.870D-01  2.870D-01  2.887D-01  3.671D-01
 C2H6        3.636D-01  3.653D-01  3.653D-01  3.671D-01  4.643D-01
 C2H5        3.674D-01  3.691D-01  3.691D-01  3.708D-01  4.683D-01
 C2H4        3.943D-01  3.961D-01  3.961D-01  3.979D-01  5.046D-01
 C2H3        4.016D-01  4.034D-01  4.034D-01  4.052D-01  5.114D-01
 CH2HCO      3.296D-01  3.315D-01  3.315D-01  3.334D-01  4.316D-01
 CH2CO       3.316D-01  3.334D-01  3.334D-01  3.354D-01  4.337D-01
 CH4         5.449D-01  5.465D-01  5.465D-01  5.481D-01  6.803D-01
 CH3O        3.868D-01  3.887D-01  3.887D-01  3.906D-01  5.007D-01
 CH3         5.505D-01  5.520D-01  5.520D-01  5.536D-01  6.848D-01
 CH          8.041D-01  8.059D-01  8.059D-01  8.079D-01  1.012D+00

                C2H5       C2H4       C2H3       CH2HCO     CH2CO     
 C3H8        3.674D-01  3.943D-01  4.016D-01  3.296D-01  3.316D-01
 I*C3H7      3.691D-01  3.961D-01  4.034D-01  3.315D-01  3.334D-01
 N*C3H7      3.691D-01  3.961D-01  4.034D-01  3.315D-01  3.334D-01
 C3H6        3.708D-01  3.979D-01  4.052D-01  3.334D-01  3.354D-01
 C2H6        4.683D-01  5.046D-01  5.114D-01  4.316D-01  4.337D-01
 C2H5        4.722D-01  5.088D-01  5.156D-01  4.360D-01  4.381D-01
 C2H4        5.088D-01  5.495D-01  5.566D-01  4.710D-01  4.732D-01
 C2H3        5.156D-01  5.566D-01  5.625D-01  4.804D-01  4.826D-01
 CH2HCO      4.360D-01  4.710D-01  4.804D-01  3.910D-01  3.934D-01
 CH2CO       4.381D-01  4.732D-01  4.826D-01  3.934D-01  3.957D-01
 CH4         6.843D-01  7.400D-01  7.428D-01  6.600D-01  6.621D-01
 CH3O        5.051D-01  5.465D-01  5.556D-01  4.625D-01  4.648D-01
 CH3         6.886D-01  7.440D-01  7.469D-01  6.653D-01  6.673D-01
 CH          1.017D+00  1.112D+00  1.107D+00  1.010D+00  1.012D+00

                CH4        CH3O       CH3        CH        
 C3H8        5.449D-01  3.868D-01  5.505D-01  8.041D-01
 I*C3H7      5.465D-01  3.887D-01  5.520D-01  8.059D-01
 N*C3H7      5.465D-01  3.887D-01  5.520D-01  8.059D-01
 C3H6        5.481D-01  3.906D-01  5.536D-01  8.079D-01
 C2H6        6.803D-01  5.007D-01  6.848D-01  1.012D+00
 C2H5        6.843D-01  5.051D-01  6.886D-01  1.017D+00
 C2H4        7.400D-01  5.465D-01  7.440D-01  1.112D+00
 C2H3        7.428D-01  5.556D-01  7.469D-01  1.107D+00
 CH2HCO      6.600D-01  4.625D-01  6.653D-01  1.010D+00
 CH2CO       6.621D-01  4.648D-01  6.673D-01  1.012D+00
 CH4         9.455D-01  7.474D-01  9.459D-01  1.400D+00
 CH3O        7.474D-01  5.297D-01  7.533D-01  1.147D+00
 CH3         9.459D-01  7.533D-01  9.459D-01  1.395D+00
 CH          1.400D+00  1.147D+00  1.395D+00  2.146D+00


    MIXTURE CONDUCTIVITY =          1.184D+04 erg/cm*K*s
    MIXTURE CONDUCTIVITY SI =       1.184D-01 J/m*K*s

    MIXTURE VISCOSITY    =       2.708D-04 gm/cm*s
    MIXTURE VISCOSITY SI =       2.708D-05 Pa*s


    DIFFUSION COEFFICIENT FOR C3H8      =      0.000D+00 cm**2/s
    DIFFUSION COEFFICIENT FOR I*C3H7    =      2.675D-01 cm**2/s
    DIFFUSION COEFFICIENT FOR N*C3H7    =      2.675D-01 cm**2/s
    DIFFUSION COEFFICIENT FOR C3H6      =      2.693D-01 cm**2/s
    DIFFUSION COEFFICIENT FOR C2H6      =      3.444D-01 cm**2/s
    DIFFUSION COEFFICIENT FOR C2H5      =      3.481D-01 cm**2/s
    DIFFUSION COEFFICIENT FOR C2H4      =      3.739D-01 cm**2/s
    DIFFUSION COEFFICIENT FOR C2H3      =      3.801D-01 cm**2/s
    DIFFUSION COEFFICIENT FOR CH2HCO    =      3.110D-01 cm**2/s
    DIFFUSION COEFFICIENT FOR CH2CO     =      3.131D-01 cm**2/s
    DIFFUSION COEFFICIENT FOR CH4       =      5.136D-01 cm**2/s
    DIFFUSION COEFFICIENT FOR CH3O      =      3.676D-01 cm**2/s
    DIFFUSION COEFFICIENT FOR CH3       =      5.186D-01 cm**2/s
    DIFFUSION COEFFICIENT FOR CH        =      7.574D-01 cm**2/s


    DIFFUSION COEFFICIENT SI FOR C3H8      =      0.000D+00 m**2/s
    DIFFUSION COEFFICIENT SI FOR I*C3H7    =      2.675D-05 m**2/s
    DIFFUSION COEFFICIENT SI FOR N*C3H7    =      2.675D-05 m**2/s
    DIFFUSION COEFFICIENT SI FOR C3H6      =      2.693D-05 m**2/s
    DIFFUSION COEFFICIENT SI FOR C2H6      =      3.444D-05 m**2/s
    DIFFUSION COEFFICIENT SI FOR C2H5      =      3.481D-05 m**2/s
    DIFFUSION COEFFICIENT SI FOR C2H4      =      3.739D-05 m**2/s
    DIFFUSION COEFFICIENT SI FOR C2H3      =      3.801D-05 m**2/s
    DIFFUSION COEFFICIENT SI FOR CH2HCO    =      3.110D-05 m**2/s
    DIFFUSION COEFFICIENT SI FOR CH2CO     =      3.131D-05 m**2/s
    DIFFUSION COEFFICIENT SI FOR CH4       =      5.136D-05 m**2/s
    DIFFUSION COEFFICIENT SI FOR CH3O      =      3.676D-05 m**2/s
    DIFFUSION COEFFICIENT SI FOR CH3       =      5.186D-05 m**2/s
    DIFFUSION COEFFICIENT SI FOR CH        =      7.574D-05 m**2/s


    THERMAL DIFFUSION RATIOS FOR C3H8      =      0.000D+00
    THERMAL DIFFUSION RATIOS FOR I*C3H7    =      0.000D+00
    THERMAL DIFFUSION RATIOS FOR N*C3H7    =      0.000D+00
    THERMAL DIFFUSION RATIOS FOR C3H6      =      0.000D+00
    THERMAL DIFFUSION RATIOS FOR C2H6      =      0.000D+00
    THERMAL DIFFUSION RATIOS FOR C2H5      =      0.000D+00
    THERMAL DIFFUSION RATIOS FOR C2H4      =      0.000D+00
    THERMAL DIFFUSION RATIOS FOR C2H3      =      0.000D+00
    THERMAL DIFFUSION RATIOS FOR CH2HCO    =      0.000D+00
    THERMAL DIFFUSION RATIOS FOR CH2CO     =      0.000D+00
    THERMAL DIFFUSION RATIOS FOR CH4       =      0.000D+00
    THERMAL DIFFUSION RATIOS FOR CH3O      =      0.000D+00
    THERMAL DIFFUSION RATIOS FOR CH3       =      0.000D+00
    THERMAL DIFFUSION RATIOS FOR CH        =      0.000D+00


    TOTAL MOLECULAR DENSITY, MOLECULEs/cm**3   1.4685E+19


